<?xml version="1.0" encoding="UTF-8"?>
<!-- Generated by org.testng.reporters.JUnitReportReporter -->
<testsuite hostname="SEYEDM" failures="0" tests="1" name="Jobs.WorkMarket" time="13.562" errors="0" timestamp="2022-08-04T13:32:39 IST" skipped="0">
  <testcase classname="Jobs.WorkMarket" name="workMarketFlow" time="13.562"/>
  <system-out>
    <![CDATA[Previous Tab is Clicked
View Job is clicked
Add Meter Button is clicked
Mac Address is added
Next button is clicked
Clicked the 1st Step
De-Energized Radio button is clicked
Safety Check Next button is clicked
Upload from Gallery button clicked
Photo Selected]]>
  </system-out>
</testsuite> <!-- Jobs.WorkMarket -->
