<?xml version="1.0" encoding="UTF-8"?>
<!-- Generated by org.testng.reporters.JUnitReportReporter -->
<testsuite hostname="SEYEDM" failures="0" tests="1" name="com.redaptive.Redaptive_MeterInstallApp.AppTest" time="30.349" errors="0" timestamp="2022-05-28T16:23:19 IST" skipped="0">
  <testcase classname="com.redaptive.Redaptive_MeterInstallApp.AppTest" name="inValidSignIn" time="30.349"/>
  <system-out/>
</testsuite> <!-- com.redaptive.Redaptive_MeterInstallApp.AppTest -->
