<?xml version="1.0" encoding="UTF-8"?>
<!-- Generated by org.testng.reporters.JUnitReportReporter -->
<testsuite hostname="SEYEDM" failures="0" tests="1" name="SignIn_UM_ForgotPasswordTests.SignIn" time="10.639" errors="0" timestamp="2022-08-01T16:20:57 IST" skipped="0">
  <testcase classname="SignIn_UM_ForgotPasswordTests.SignIn" name="inValidSignIn" time="10.639"/>
  <system-out/>
</testsuite> <!-- SignIn_UM_ForgotPasswordTests.SignIn -->
