<?xml version="1.0" encoding="UTF-8"?>
<!-- Generated by org.testng.reporters.JUnitReportReporter -->
<testsuite hostname="SEYEDM" failures="0" tests="1" name="Jobs.NonWorkMarket" time="22.552" errors="0" timestamp="2022-10-11T14:39:38 IST" skipped="0">
  <testcase classname="Jobs.NonWorkMarket" name="nonWorkMarketFlow" time="22.552"/>
  <system-out>
    <![CDATA[First Job is clicked
Add Meter Button is clicked
Mac Address is added
Next button is clicked
Clicked the 1st Step
Add Panels Button is clicked
Next Button is clicked
De-Energized Radio button is clicked
Safety Check Next button is clicked
Upload from Gallery button clicked
Photo Selected]]>
  </system-out>
</testsuite> <!-- Jobs.NonWorkMarket -->
