<?xml version="1.0" encoding="UTF-8"?>
<!-- Generated by org.testng.reporters.JUnitReportReporter -->
<testsuite hostname="SEYEDM" failures="0" tests="2" name="Panels.SwitchBoard" time="31.430" errors="0" timestamp="2022-08-12T08:54:40 IST" skipped="0">
  <testcase classname="Panels.SwitchBoard" name="workMarketFlow" time="13.341"/>
  <system-out>
    <![CDATA[Previous Tab is Clicked
View Job is clicked
Add Meter Button is clicked
Mac Address is added
Next button is clicked
Clicked the 1st Step
De-Energized Radio button is clicked
Safety Check Next button is clicked
Upload from Gallery button clicked
Photo Selected]]>
  </system-out>
  <testcase classname="Panels.SwitchBoard" name="switchboardFlow" time="18.089"/>
  <system-out>
    <![CDATA[Switchboard Selected
3-Phase Selected
Next Button is clicked
Clicked Add More Switches
Type Switch Name
3 Phase Switch Added
Clicked Edit Switch
Switch Name Edited
Switch is Edited
Switch Next button is clicked
Upload from gallery
Photo Selected From Gallery
No selected from Will this meter monitoring any other panels]]>
  </system-out>
</testsuite> <!-- Panels.SwitchBoard -->
